<?xml version="1.0" encoding="UTF-8"?>
<testsuite xmlns:xsi="http://www.w3.org/2001/XMLSchema-instance" xsi:noNamespaceSchemaLocation="https://maven.apache.org/surefire/maven-surefire-plugin/xsd/surefire-test-report.xsd" name="com.yehorpolishchuk.periodicals.db.dao.ReaderDaoTest" time="0.001" tests="1" errors="0" skipped="0" failures="0">
  <properties>
    <property name="sun.desktop" value="windows"/>
    <property name="awt.toolkit" value="sun.awt.windows.WToolkit"/>
    <property name="java.specification.version" value="11"/>
    <property name="sun.cpu.isalist" value="amd64"/>
    <property name="sun.jnu.encoding" value="Cp1251"/>
    <property name="java.class.path" value="C:\Users\user\Desktop\3course2sem\OOP\PeriodicalsV1\target\test-classes;C:\Users\user\Desktop\3course2sem\OOP\PeriodicalsV1\target\classes;C:\Users\user\.m2\repository\junit\junit\4.11\junit-4.11.jar;C:\Users\user\.m2\repository\org\hamcrest\hamcrest-core\1.3\hamcrest-core-1.3.jar;C:\Users\user\.m2\repository\org\postgresql\postgresql\42.2.12\postgresql-42.2.12.jar;C:\Users\user\.m2\repository\org\apache\logging\log4j\log4j-api\2.4.1\log4j-api-2.4.1.jar;C:\Users\user\.m2\repository\org\apache\logging\log4j\log4j-core\2.4.1\log4j-core-2.4.1.jar;C:\Users\user\.m2\repository\javax\servlet\javax.servlet-api\4.0.1\javax.servlet-api-4.0.1.jar;C:\Users\user\.m2\repository\org\json\json\20190722\json-20190722.jar;C:\Users\user\.m2\repository\org\apache\tomcat\tomcat-catalina\9.0.35\tomcat-catalina-9.0.35.jar;C:\Users\user\.m2\repository\org\apache\tomcat\tomcat-servlet-api\9.0.35\tomcat-servlet-api-9.0.35.jar;C:\Users\user\.m2\repository\org\apache\tomcat\tomcat-jsp-api\9.0.35\tomcat-jsp-api-9.0.35.jar;C:\Users\user\.m2\repository\org\apache\tomcat\tomcat-el-api\9.0.35\tomcat-el-api-9.0.35.jar;C:\Users\user\.m2\repository\org\apache\tomcat\tomcat-juli\9.0.35\tomcat-juli-9.0.35.jar;C:\Users\user\.m2\repository\org\apache\tomcat\tomcat-annotations-api\9.0.35\tomcat-annotations-api-9.0.35.jar;C:\Users\user\.m2\repository\org\apache\tomcat\tomcat-api\9.0.35\tomcat-api-9.0.35.jar;C:\Users\user\.m2\repository\org\apache\tomcat\tomcat-jni\9.0.35\tomcat-jni-9.0.35.jar;C:\Users\user\.m2\repository\org\apache\tomcat\tomcat-coyote\9.0.35\tomcat-coyote-9.0.35.jar;C:\Users\user\.m2\repository\org\apache\tomcat\tomcat-util\9.0.35\tomcat-util-9.0.35.jar;C:\Users\user\.m2\repository\org\apache\tomcat\tomcat-util-scan\9.0.35\tomcat-util-scan-9.0.35.jar;C:\Users\user\.m2\repository\org\apache\tomcat\tomcat-jaspic-api\9.0.35\tomcat-jaspic-api-9.0.35.jar;C:\Users\user\.m2\repository\org\projectlombok\lombok\1.18.12\lombok-1.18.12.jar;C:\Users\user\.m2\repository\com\fasterxml\jackson\core\jackson-core\2.2.2\jackson-core-2.2.2.jar;C:\Users\user\.m2\repository\com\fasterxml\jackson\core\jackson-databind\2.2.2\jackson-databind-2.2.2.jar;C:\Users\user\.m2\repository\com\fasterxml\jackson\core\jackson-annotations\2.2.2\jackson-annotations-2.2.2.jar;"/>
    <property name="java.vm.vendor" value="JetBrains s.r.o"/>
    <property name="sun.arch.data.model" value="64"/>
    <property name="user.variant" value=""/>
    <property name="java.vendor.url" value="https://www.jetbrains.com/"/>
    <property name="user.timezone" value="Europe/Helsinki"/>
    <property name="java.vm.specification.version" value="11"/>
    <property name="os.name" value="Windows 7"/>
    <property name="sun.java.launcher" value="SUN_STANDARD"/>
    <property name="user.country" value="RU"/>
    <property name="sun.boot.library.path" value="C:\Program Files\JetBrains\IntelliJ IDEA 2019.2.3\jbr\bin"/>
    <property name="sun.java.command" value="C:\Users\user\AppData\Local\Temp\surefire13053349121568047823\surefirebooter10794277125149359111.jar C:\Users\user\AppData\Local\Temp\surefire13053349121568047823 2020-05-18T18-47-23_620-jvmRun1 surefire616293131320703580tmp surefire_013813493059226844684tmp"/>
    <property name="jdk.debug" value="release"/>
    <property name="surefire.test.class.path" value="C:\Users\user\Desktop\3course2sem\OOP\PeriodicalsV1\target\test-classes;C:\Users\user\Desktop\3course2sem\OOP\PeriodicalsV1\target\classes;C:\Users\user\.m2\repository\junit\junit\4.11\junit-4.11.jar;C:\Users\user\.m2\repository\org\hamcrest\hamcrest-core\1.3\hamcrest-core-1.3.jar;C:\Users\user\.m2\repository\org\postgresql\postgresql\42.2.12\postgresql-42.2.12.jar;C:\Users\user\.m2\repository\org\apache\logging\log4j\log4j-api\2.4.1\log4j-api-2.4.1.jar;C:\Users\user\.m2\repository\org\apache\logging\log4j\log4j-core\2.4.1\log4j-core-2.4.1.jar;C:\Users\user\.m2\repository\javax\servlet\javax.servlet-api\4.0.1\javax.servlet-api-4.0.1.jar;C:\Users\user\.m2\repository\org\json\json\20190722\json-20190722.jar;C:\Users\user\.m2\repository\org\apache\tomcat\tomcat-catalina\9.0.35\tomcat-catalina-9.0.35.jar;C:\Users\user\.m2\repository\org\apache\tomcat\tomcat-servlet-api\9.0.35\tomcat-servlet-api-9.0.35.jar;C:\Users\user\.m2\repository\org\apache\tomcat\tomcat-jsp-api\9.0.35\tomcat-jsp-api-9.0.35.jar;C:\Users\user\.m2\repository\org\apache\tomcat\tomcat-el-api\9.0.35\tomcat-el-api-9.0.35.jar;C:\Users\user\.m2\repository\org\apache\tomcat\tomcat-juli\9.0.35\tomcat-juli-9.0.35.jar;C:\Users\user\.m2\repository\org\apache\tomcat\tomcat-annotations-api\9.0.35\tomcat-annotations-api-9.0.35.jar;C:\Users\user\.m2\repository\org\apache\tomcat\tomcat-api\9.0.35\tomcat-api-9.0.35.jar;C:\Users\user\.m2\repository\org\apache\tomcat\tomcat-jni\9.0.35\tomcat-jni-9.0.35.jar;C:\Users\user\.m2\repository\org\apache\tomcat\tomcat-coyote\9.0.35\tomcat-coyote-9.0.35.jar;C:\Users\user\.m2\repository\org\apache\tomcat\tomcat-util\9.0.35\tomcat-util-9.0.35.jar;C:\Users\user\.m2\repository\org\apache\tomcat\tomcat-util-scan\9.0.35\tomcat-util-scan-9.0.35.jar;C:\Users\user\.m2\repository\org\apache\tomcat\tomcat-jaspic-api\9.0.35\tomcat-jaspic-api-9.0.35.jar;C:\Users\user\.m2\repository\org\projectlombok\lombok\1.18.12\lombok-1.18.12.jar;C:\Users\user\.m2\repository\com\fasterxml\jackson\core\jackson-core\2.2.2\jackson-core-2.2.2.jar;C:\Users\user\.m2\repository\com\fasterxml\jackson\core\jackson-databind\2.2.2\jackson-databind-2.2.2.jar;C:\Users\user\.m2\repository\com\fasterxml\jackson\core\jackson-annotations\2.2.2\jackson-annotations-2.2.2.jar;"/>
    <property name="sun.cpu.endian" value="little"/>
    <property name="user.home" value="C:\Users\user"/>
    <property name="user.language" value="ru"/>
    <property name="java.specification.vendor" value="Oracle Corporation"/>
    <property name="java.version.date" value="2019-07-16"/>
    <property name="java.home" value="C:\Program Files\JetBrains\IntelliJ IDEA 2019.2.3\jbr"/>
    <property name="file.separator" value="\"/>
    <property name="basedir" value="C:\Users\user\Desktop\3course2sem\OOP\PeriodicalsV1"/>
    <property name="java.vm.compressedOopsMode" value="32-bit"/>
    <property name="line.separator" value="&#10;"/>
    <property name="idea.version2019.2.3" value="true"/>
    <property name="java.specification.name" value="Java Platform API Specification"/>
    <property name="java.vm.specification.vendor" value="Oracle Corporation"/>
    <property name="java.awt.graphicsenv" value="sun.awt.Win32GraphicsEnvironment"/>
    <property name="surefire.real.class.path" value="C:\Users\user\AppData\Local\Temp\surefire13053349121568047823\surefirebooter10794277125149359111.jar"/>
    <property name="user.script" value=""/>
    <property name="sun.management.compiler" value="HotSpot 64-Bit Tiered Compilers"/>
    <property name="java.runtime.version" value="11.0.4+10-b304.69"/>
    <property name="user.name" value="user"/>
    <property name="path.separator" value=";"/>
    <property name="os.version" value="6.1"/>
    <property name="java.runtime.name" value="OpenJDK Runtime Environment"/>
    <property name="file.encoding" value="Cp1251"/>
    <property name="java.vm.name" value="OpenJDK 64-Bit Server VM"/>
    <property name="localRepository" value="C:\Users\user\.m2\repository"/>
    <property name="java.vendor.url.bug" value="https://youtrack.jetbrains.com"/>
    <property name="java.io.tmpdir" value="C:\Users\user\AppData\Local\Temp\"/>
    <property name="java.version" value="11.0.4"/>
    <property name="user.dir" value="C:\Users\user\Desktop\3course2sem\OOP\PeriodicalsV1"/>
    <property name="os.arch" value="amd64"/>
    <property name="java.vm.specification.name" value="Java Virtual Machine Specification"/>
    <property name="java.awt.printerjob" value="sun.awt.windows.WPrinterJob"/>
    <property name="sun.os.patch.level" value="Service Pack 1"/>
    <property name="java.library.path" value="C:\Program Files\JetBrains\IntelliJ IDEA 2019.2.3\jbr\bin;C:\Windows\Sun\Java\bin;C:\Windows\system32;C:\Windows;C:\Oracle\db_home\bin;C:\Program Files (x86)\Common Files\SIL;C:\watcom-1.3\binnt;C:\watcom-1.3\binw;C:\Windows\system32;C:\Windows;C:\Windows\System32\Wbem;C:\Windows\System32\WindowsPowerShell\v1.0\;C:\Program Files\Common Files\Autodesk Shared\;C:\Program Files\dotnet\;C:\Program Files\Microsoft SQL Server\130\Tools\Binn\;C:\Program Files\Microsoft VS Code\bin;C:\Program Files\Git\cmd;C:\Program Files\CMake\bin;C:\Java\jdk-12.0.2\bin;C:\Program Files\MATLAB\R2015b\runtime\win64;C:\Program Files\MATLAB\R2015b\bin;C:\Program Files\MATLAB\R2015b\polyspace\bin;C:\Go\bin;C:\Program Files\nodejs\;C:\Program Files\PuTTY\;C:\apache-maven-3.6.3\bin;C:\Program Files\MySQL\MySQL Shell 8.0\bin\;C:\Program Files\JetBrains\IntelliJ IDEA 2019.2.3\bin;;C:\Users\user\go\bin;C:\Program Files\JetBrains\GoLand 2019.3.1\bin;;C:\Users\user\AppData\Roaming\npm;C:\liquibase-3.8.5;."/>
    <property name="java.vendor" value="JetBrains s.r.o"/>
    <property name="java.vm.info" value="mixed mode, sharing"/>
    <property name="java.vm.version" value="11.0.4+10-b304.69"/>
    <property name="sun.io.unicode.encoding" value="UnicodeLittle"/>
    <property name="java.class.version" value="55.0"/>
  </properties>
  <testcase name="addGetReaderTest" classname="com.yehorpolishchuk.periodicals.db.dao.ReaderDaoTest" time="0"/>
</testsuite>