<?xml version="1.0" encoding="UTF-8"?>
<testsuite name="QueueCASTest" tests="2" skipped="0" failures="0" errors="0" timestamp="2020-05-29T18:33:54" hostname="dellE4300" time="0.413">
  <properties/>
  <testcase name="poll" classname="QueueCASTest" time="0.212"/>
  <testcase name="offer" classname="QueueCASTest" time="0.2"/>
  <system-out><![CDATA[]]></system-out>
  <system-err><![CDATA[]]></system-err>
</testsuite>
